<?xml version="1.0" encoding="UTF-8"?>
<!-- Generated by org.testng.reporters.JUnitReportReporter -->
<testsuite hostname="DESKTOP-OHJ1BB9" failures="0" tests="2" name="sharan.SeleniumFrameworkDesign.ErrorValidationsTest" time="8.402" errors="0" timestamp="2024-08-28T14:57:30 IST" skipped="0">
  <testcase classname="sharan.SeleniumFrameworkDesign.ErrorValidationsTest" name="ProductErrorValidation" time="4.788"/>
  <testcase classname="sharan.SeleniumFrameworkDesign.ErrorValidationsTest" name="LoginErrorValidation" time="3.614"/>
</testsuite> <!-- sharan.SeleniumFrameworkDesign.ErrorValidationsTest -->
