<?xml version="1.0" encoding="UTF-8"?>
<!-- Generated by org.testng.reporters.JUnitReportReporter -->
<testsuite hostname="DESKTOP-OHJ1BB9" failures="0" tests="3" name="sharan.SeleniumFrameworkDesign.SubmitOrderTest" time="14.039" errors="0" timestamp="2024-08-28T14:57:30 IST" skipped="0">
  <testcase classname="sharan.SeleniumFrameworkDesign.SubmitOrderTest" name="submitOrder" time="4.854"/>
  <testcase classname="sharan.SeleniumFrameworkDesign.SubmitOrderTest" name="OrderHistory" time="4.665"/>
  <testcase classname="sharan.SeleniumFrameworkDesign.SubmitOrderTest" name="submitOrder" time="4.520"/>
</testsuite> <!-- sharan.SeleniumFrameworkDesign.SubmitOrderTest -->
