<?xml version="1.0" encoding="UTF-8"?>
<!-- Generated by org.testng.reporters.JUnitReportReporter -->
<testsuite hostname="DESKTOP-OHJ1BB9" failures="0" tests="2" name="sharan.SeleniumFrameworkDesign.ErrorValidations" time="7.189" errors="0" timestamp="2024-08-01T18:56:32 IST" skipped="0">
  <testcase classname="sharan.SeleniumFrameworkDesign.ErrorValidations" name="LoginErrorValidation" time="3.605"/>
  <testcase classname="sharan.SeleniumFrameworkDesign.ErrorValidations" name="ProductErrorValidation" time="3.584"/>
</testsuite> <!-- sharan.SeleniumFrameworkDesign.ErrorValidations -->
