<?xml version="1.0" encoding="UTF-8"?>
<!-- Generated by org.testng.reporters.JUnitReportReporter -->
<testsuite hostname="DESKTOP-OHJ1BB9" failures="0" tests="1" name="cucumber.TestNGTestRunner" time="6.961" errors="0" timestamp="2024-09-02T17:20:34 IST" skipped="0">
  <testcase classname="cucumber.TestNGTestRunner" name="runScenario" time="6.961"/>
</testsuite> <!-- cucumber.TestNGTestRunner -->
