<?xml version="1.0" encoding="UTF-8"?>
<!-- Generated by org.testng.reporters.JUnitReportReporter -->
<testsuite hostname="DESKTOP-OHJ1BB9" failures="0" tests="3" name="sharan.SeleniumFrameworkDesign.SubmitOrderTest" time="19.728" errors="0" timestamp="2024-08-29T13:35:32 IST" skipped="0">
  <testcase classname="sharan.SeleniumFrameworkDesign.SubmitOrderTest" name="OrderHistory" time="4.122"/>
  <testcase classname="sharan.SeleniumFrameworkDesign.SubmitOrderTest" name="submitOrder" time="6.332"/>
  <testcase classname="sharan.SeleniumFrameworkDesign.SubmitOrderTest" name="submitOrder" time="9.274"/>
</testsuite> <!-- sharan.SeleniumFrameworkDesign.SubmitOrderTest -->
